<?xml version="1.0" encoding="UTF-8"?>
<!-- Generated by org.testng.reporters.JUnitReportReporter -->
<testsuite hostname="US-WG9264CP7M" failures="0" tests="1" name="com.apitest.mavenproject.AppTest" time="3.896" errors="0" timestamp="2023-09-21T21:11:04 IST" skipped="0">
  <testcase classname="com.apitest.mavenproject.AppTest" name="test" time="3.896"/>
  <system-out/>
</testsuite> <!-- com.apitest.mavenproject.AppTest -->
